Using pre-set license
Built from '2020.3/release' branch; Version is '2020.3.1f1 (77a89f25062f) revision 7841951'; Using compiler version '192528614'; Build Type 'Release'
OS: 'Windows 10 Home; OS build 19042.1165; Version 2009; 64bit' Language: 'en' Physical Memory: 16319 MB
BatchMode: 1, IsHumanControllingUs: 0, StartBugReporterOnCrash: 0, Is64bit: 1, IsPro: 0

 COMMAND LINE ARGUMENTS:
D:\Install\Unity\Hub\Editor\2020.3.1f1\Unity\Editor\Unity.exe
-adb2
-batchMode
-noUpm
-name
AssetImportWorker0
-projectPath
D:/Karl/Projects/Repositories/Unity/FlowMap
-logFile
Logs/AssetImportWorker0.log
-srvPort
51794
Successfully changed project path to: D:/Karl/Projects/Repositories/Unity/FlowMap
D:/Karl/Projects/Repositories/Unity/FlowMap
Using Asset Import Pipeline V2.
Refreshing native plugins compatible for Editor in 46.11 ms, found 0 plugins.
Preloading 0 native plugins for Editor in 0.00 ms.
Initialize engine version: 2020.3.1f1 (77a89f25062f)
[Subsystems] Discovering subsystems at path D:/Install/Unity/Hub/Editor/2020.3.1f1/Unity/Editor/Data/Resources/UnitySubsystems
[Subsystems] Discovering subsystems at path D:/Karl/Projects/Repositories/Unity/FlowMap/Assets
GfxDevice: creating device client; threaded=0
Direct3D:
    Version:  Direct3D 11.0 [level 11.1]
    Renderer: NVIDIA GeForce GTX 1660 (ID=0x2184)
    Vendor:   
    VRAM:     5991 MB
    Driver:   27.21.14.6089
Initialize mono
Mono path[0] = 'D:/Install/Unity/Hub/Editor/2020.3.1f1/Unity/Editor/Data/Managed'
Mono path[1] = 'D:/Install/Unity/Hub/Editor/2020.3.1f1/Unity/Editor/Data/MonoBleedingEdge/lib/mono/unityjit'
Mono config path = 'D:/Install/Unity/Hub/Editor/2020.3.1f1/Unity/Editor/Data/MonoBleedingEdge/etc'
Using monoOptions --debugger-agent=transport=dt_socket,embedding=1,server=y,suspend=n,address=127.0.0.1:56372
Begin MonoManager ReloadAssembly
Registering precompiled unity dll's ...
Register platform support module: D:/Install/Unity/Hub/Editor/2020.3.1f1/Unity/Editor/Data/PlaybackEngines/WindowsStandaloneSupport/UnityEditor.WindowsStandalone.Extensions.dll
Registered in 0.001594 seconds.
Native extension for WindowsStandalone target not found
Refreshing native plugins compatible for Editor in 39.29 ms, found 0 plugins.
Preloading 0 native plugins for Editor in 0.00 ms.
Invoked RoslynAnalysisRunner static constructor.
RoslynAnalysisRunner will not be running.
RoslynAnalysisRunner has terminated.
Mono: successfully reloaded assembly
- Completed reload, in  1.284 seconds
Platform modules already initialized, skipping
Registering precompiled user dll's ...
Registered in 0.001284 seconds.
Begin MonoManager ReloadAssembly
Native extension for WindowsStandalone target not found
Refreshing native plugins compatible for Editor in 41.89 ms, found 0 plugins.
Preloading 0 native plugins for Editor in 0.00 ms.
Invoked RoslynAnalysisRunner static constructor.
RoslynAnalysisRunner will not be running.
RoslynAnalysisRunner has terminated.
Mono: successfully reloaded assembly
- Completed reload, in  0.906 seconds
Platform modules already initialized, skipping
========================================================================
Worker process is ready to serve import requests
Shader 'Universal Render Pipeline/Particles/Lit': fallback shader 'Universal Render Pipeline/Particles/SimpleLit' not found
Shader 'Universal Render Pipeline/Particles/Lit': fallback shader 'Universal Render Pipeline/Particles/SimpleLit' not found
Launched and connected shader compiler UnityShaderCompiler.exe after 0.07 seconds
Refreshing native plugins compatible for Editor in 0.92 ms, found 0 plugins.
Preloading 0 native plugins for Editor in 0.00 ms.
Unloading 2417 Unused Serialized files (Serialized files now loaded: 0)
System memory in use before: 111.0 MB.
System memory in use after: 108.8 MB.

Unloading 45 unused Assets to reduce memory usage. Loaded Objects now: 2823.
Total: 26.822700 ms (FindLiveObjects: 1.470000 ms CreateObjectMapping: 0.334800 ms MarkObjects: 22.269500 ms  DeleteObjects: 2.746500 ms)

========================================================================
Received Import Request.
  path: Assets/Readme.asset
  artifactKey: Guid(83c2ed844a8c74b779a4c823d16594b1) Importer(815301076,1909f56bfc062723c751e8b465ee728b)
Start importing Assets/Readme.asset using Guid(83c2ed844a8c74b779a4c823d16594b1) Importer(815301076,1909f56bfc062723c751e8b465ee728b)  -> (artifact id: '5dcbb894266d2c9b152955f6bbad470d') in 0.131417 seconds
  Import took 0.140259 seconds .

========================================================================
Received Prepare
Registering precompiled user dll's ...
Registered in 0.001220 seconds.
Begin MonoManager ReloadAssembly
Native extension for WindowsStandalone target not found
Refreshing native plugins compatible for Editor in 0.35 ms, found 0 plugins.
Preloading 0 native plugins for Editor in 0.00 ms.
Invoked RoslynAnalysisRunner static constructor.
RoslynAnalysisRunner will not be running.
RoslynAnalysisRunner has terminated.
Mono: successfully reloaded assembly
- Completed reload, in  0.819 seconds
Platform modules already initialized, skipping
Shader 'Universal Render Pipeline/Particles/Lit': fallback shader 'Universal Render Pipeline/Particles/SimpleLit' not found
Shader 'Universal Render Pipeline/Particles/Lit': fallback shader 'Universal Render Pipeline/Particles/SimpleLit' not found
Refreshing native plugins compatible for Editor in 0.33 ms, found 0 plugins.
Preloading 0 native plugins for Editor in 0.00 ms.
Unloading 2339 Unused Serialized files (Serialized files now loaded: 0)
System memory in use before: 107.8 MB.
System memory in use after: 105.6 MB.

Unloading 42 unused Assets to reduce memory usage. Loaded Objects now: 2824.
Total: 3.073900 ms (FindLiveObjects: 0.236700 ms CreateObjectMapping: 0.116700 ms MarkObjects: 1.559800 ms  DeleteObjects: 1.160100 ms)

========================================================================
Received Import Request.
  Time since last request: 423.811476 seconds.
  path: Assets/flow/Lava
  artifactKey: Guid(477b2a0c4fd596c4192631ecb45ff821) Importer(815301076,1909f56bfc062723c751e8b465ee728b)
Start importing Assets/flow/Lava using Guid(477b2a0c4fd596c4192631ecb45ff821) Importer(815301076,1909f56bfc062723c751e8b465ee728b)  -> (artifact id: '949e32021cebbc23d4bfdebc367f77d8') in 0.010030 seconds
  Import took 0.014563 seconds .

========================================================================
Received Import Request.
  Time since last request: 1.235990 seconds.
  path: Assets
  artifactKey: Guid(00000000000000001000000000000000) Importer(815301076,1909f56bfc062723c751e8b465ee728b)
Start importing Assets using Guid(00000000000000001000000000000000) Importer(815301076,1909f56bfc062723c751e8b465ee728b)  -> (artifact id: 'a6374019befeac6ce670f13ba9960efb') in 0.005188 seconds
  Import took 0.008519 seconds .

========================================================================
Received Import Request.
  Time since last request: 0.618937 seconds.
  path: Assets/flow/Lava/Lava004_1K_Color.png
  artifactKey: Guid(3313bd9d94801e041b2ffa86bd212b62) Importer(815301076,1909f56bfc062723c751e8b465ee728b)
Start importing Assets/flow/Lava/Lava004_1K_Color.png using Guid(3313bd9d94801e041b2ffa86bd212b62) Importer(815301076,1909f56bfc062723c751e8b465ee728b)  -> (artifact id: '958bf653ad715e380ba59e56ef903173') in 0.098984 seconds
  Import took 0.103085 seconds .

========================================================================
Received Import Request.
  Time since last request: 1.194175 seconds.
  path: Assets/flow/Foam.shadergraph
  artifactKey: Guid(7e9e55d18d9b72840bae79c6e67ccd55) Importer(815301076,1909f56bfc062723c751e8b465ee728b)
Start importing Assets/flow/Foam.shadergraph using Guid(7e9e55d18d9b72840bae79c6e67ccd55) Importer(815301076,1909f56bfc062723c751e8b465ee728b)  -> (artifact id: '0846d5b08bb688b1833306eb919fb00d') in 0.009663 seconds
  Import took 0.013480 seconds .

========================================================================
Received Import Request.
  Time since last request: 1.742988 seconds.
  path: Assets/flow/Foam.shadergraph
  artifactKey: Guid(7e9e55d18d9b72840bae79c6e67ccd55) Importer(815301076,1909f56bfc062723c751e8b465ee728b)
Start importing Assets/flow/Foam.shadergraph using Guid(7e9e55d18d9b72840bae79c6e67ccd55) Importer(815301076,1909f56bfc062723c751e8b465ee728b)  -> (artifact id: '0846d5b08bb688b1833306eb919fb00d') in 0.003474 seconds
  Import took 0.007095 seconds .

========================================================================
Received Import Request.
  Time since last request: 42.123393 seconds.
  path: Assets/flow/New Material.mat
  artifactKey: Guid(7d18f0a732239ba4f96da256d66ca89a) Importer(815301076,1909f56bfc062723c751e8b465ee728b)
Start importing Assets/flow/New Material.mat using Guid(7d18f0a732239ba4f96da256d66ca89a) Importer(815301076,1909f56bfc062723c751e8b465ee728b)  -> (artifact id: 'fb3f5abbe265a7110d96c37f5e77f5d4') in 0.219637 seconds
  Import took 0.223715 seconds .

========================================================================
Received Import Request.
  Time since last request: 0.003910 seconds.
  path: Assets/flow/New Material.mat
  artifactKey: Guid(7d18f0a732239ba4f96da256d66ca89a) Importer(815301076,1909f56bfc062723c751e8b465ee728b)
Start importing Assets/flow/New Material.mat using Guid(7d18f0a732239ba4f96da256d66ca89a) Importer(815301076,1909f56bfc062723c751e8b465ee728b)  -> (artifact id: 'fb3f5abbe265a7110d96c37f5e77f5d4') in 0.013367 seconds
  Import took 0.017633 seconds .

========================================================================
Received Prepare
Registering precompiled user dll's ...
Registered in 0.001554 seconds.
Begin MonoManager ReloadAssembly
Native extension for WindowsStandalone target not found
Refreshing native plugins compatible for Editor in 0.39 ms, found 0 plugins.
Preloading 0 native plugins for Editor in 0.00 ms.
Invoked RoslynAnalysisRunner static constructor.
RoslynAnalysisRunner will not be running.
RoslynAnalysisRunner has terminated.
Mono: successfully reloaded assembly
- Completed reload, in  0.832 seconds
Platform modules already initialized, skipping
Shader 'Universal Render Pipeline/Particles/Lit': fallback shader 'Universal Render Pipeline/Particles/SimpleLit' not found
Shader 'Universal Render Pipeline/Particles/Lit': fallback shader 'Universal Render Pipeline/Particles/SimpleLit' not found
Refreshing native plugins compatible for Editor in 0.35 ms, found 0 plugins.
Preloading 0 native plugins for Editor in 0.00 ms.
Unloading 2340 Unused Serialized files (Serialized files now loaded: 0)
System memory in use before: 113.7 MB.
System memory in use after: 111.5 MB.

Unloading 40 unused Assets to reduce memory usage. Loaded Objects now: 2908.
Total: 3.084800 ms (FindLiveObjects: 0.223600 ms CreateObjectMapping: 0.104600 ms MarkObjects: 1.626900 ms  DeleteObjects: 1.128700 ms)

========================================================================
Received Prepare
Registering precompiled user dll's ...
Registered in 0.001639 seconds.
Begin MonoManager ReloadAssembly
Native extension for WindowsStandalone target not found
Refreshing native plugins compatible for Editor in 0.38 ms, found 0 plugins.
Preloading 0 native plugins for Editor in 0.00 ms.
Invoked RoslynAnalysisRunner static constructor.
RoslynAnalysisRunner will not be running.
RoslynAnalysisRunner has terminated.
Mono: successfully reloaded assembly
- Completed reload, in  0.804 seconds
Platform modules already initialized, skipping
Shader 'Universal Render Pipeline/Particles/Lit': fallback shader 'Universal Render Pipeline/Particles/SimpleLit' not found
Shader 'Universal Render Pipeline/Particles/Lit': fallback shader 'Universal Render Pipeline/Particles/SimpleLit' not found
Refreshing native plugins compatible for Editor in 0.37 ms, found 0 plugins.
Preloading 0 native plugins for Editor in 0.00 ms.
Unloading 2342 Unused Serialized files (Serialized files now loaded: 0)
System memory in use before: 115.9 MB.
System memory in use after: 112.3 MB.

Unloading 42 unused Assets to reduce memory usage. Loaded Objects now: 2915.
Total: 3.987500 ms (FindLiveObjects: 0.238600 ms CreateObjectMapping: 0.112100 ms MarkObjects: 1.629700 ms  DeleteObjects: 2.006400 ms)

========================================================================
Received Import Request.
  Time since last request: 305.864513 seconds.
  path: Assets/Rocks and Boulders 2/Rocks/Prefabs/Rock1_grup3.prefab
  artifactKey: Guid(f20a15ee7150fd647af421022dde4d44) Importer(815301076,1909f56bfc062723c751e8b465ee728b)
Start importing Assets/Rocks and Boulders 2/Rocks/Prefabs/Rock1_grup3.prefab using Guid(f20a15ee7150fd647af421022dde4d44) Importer(815301076,1909f56bfc062723c751e8b465ee728b)  -> (artifact id: '41fd38db5b12da23ea1ee2d4cc13f332') in 0.181264 seconds
  Import took 0.186308 seconds .

========================================================================
Received Import Request.
  Time since last request: 0.968445 seconds.
  path: Assets/Rocks and Boulders 2/Rocks/Prefabs/Rock1A.prefab
  artifactKey: Guid(d209be13548e70947bc39053977ce977) Importer(815301076,1909f56bfc062723c751e8b465ee728b)
Start importing Assets/Rocks and Boulders 2/Rocks/Prefabs/Rock1A.prefab using Guid(d209be13548e70947bc39053977ce977) Importer(815301076,1909f56bfc062723c751e8b465ee728b)  -> (artifact id: 'f37fde2d0561b197805c36997ceca258') in 0.024282 seconds
  Import took 0.028791 seconds .

========================================================================
Received Import Request.
  Time since last request: 0.012647 seconds.
  path: Assets/Rocks and Boulders 2/Rocks/Prefabs/Rock1A.prefab
  artifactKey: Guid(d209be13548e70947bc39053977ce977) Importer(815301076,1909f56bfc062723c751e8b465ee728b)
Start importing Assets/Rocks and Boulders 2/Rocks/Prefabs/Rock1A.prefab using Guid(d209be13548e70947bc39053977ce977) Importer(815301076,1909f56bfc062723c751e8b465ee728b)  -> (artifact id: 'f37fde2d0561b197805c36997ceca258') in 0.018473 seconds
  Import took 0.022913 seconds .

========================================================================
Received Import Request.
  Time since last request: 1.659996 seconds.
  path: Assets/Rocks and Boulders 2/Rocks/Prefabs/Rock4B.prefab
  artifactKey: Guid(55f94b3dfaaba26458dbf470efc8cfa4) Importer(815301076,1909f56bfc062723c751e8b465ee728b)
Start importing Assets/Rocks and Boulders 2/Rocks/Prefabs/Rock4B.prefab using Guid(55f94b3dfaaba26458dbf470efc8cfa4) Importer(815301076,1909f56bfc062723c751e8b465ee728b)  -> (artifact id: 'a710a86c5b5fc01fbca83c178d346b95') in 0.021614 seconds
  Import took 0.025887 seconds .

========================================================================
Received Import Request.
  Time since last request: 43.123125 seconds.
  path: Assets/Rocks and Boulders 2/Rocks/Prefabs/Rock1_grup4.prefab
  artifactKey: Guid(6b9fd6eae9eb0d546ae14cdaee6d1156) Importer(815301076,1909f56bfc062723c751e8b465ee728b)
Start importing Assets/Rocks and Boulders 2/Rocks/Prefabs/Rock1_grup4.prefab using Guid(6b9fd6eae9eb0d546ae14cdaee6d1156) Importer(815301076,1909f56bfc062723c751e8b465ee728b)  -> (artifact id: '05d773fccca3671a9e31f9dff8669d83') in 0.028047 seconds
  Import took 0.032458 seconds .

========================================================================
Received Import Request.
  Time since last request: 1.073262 seconds.
  path: Assets/Rocks and Boulders 2/Rocks/Prefabs/Rock1_grup5.prefab
  artifactKey: Guid(f696a81957e80df439600b80ea8667ec) Importer(815301076,1909f56bfc062723c751e8b465ee728b)
Start importing Assets/Rocks and Boulders 2/Rocks/Prefabs/Rock1_grup5.prefab using Guid(f696a81957e80df439600b80ea8667ec) Importer(815301076,1909f56bfc062723c751e8b465ee728b)  -> (artifact id: '8da3fa954420b822ad975100156682b0') in 0.024576 seconds
  Import took 0.028918 seconds .

========================================================================
Received Import Request.
  Time since last request: 1.150501 seconds.
  path: Assets/Rocks and Boulders 2/Rocks/Prefabs/Rock4A.prefab
  artifactKey: Guid(5f36b57d675b1444cb2203b7a6cac6cb) Importer(815301076,1909f56bfc062723c751e8b465ee728b)
Start importing Assets/Rocks and Boulders 2/Rocks/Prefabs/Rock4A.prefab using Guid(5f36b57d675b1444cb2203b7a6cac6cb) Importer(815301076,1909f56bfc062723c751e8b465ee728b)  -> (artifact id: '33281ee8d5588f8107365e49e48033c1') in 0.036323 seconds
  Import took 0.040471 seconds .

========================================================================
Received Import Request.
  Time since last request: 137.566863 seconds.
  path: Assets/flow/Lava/flowmap.png
  artifactKey: Guid(ab0bd0c74d91a204aa457c415010c4e1) Importer(815301076,1909f56bfc062723c751e8b465ee728b)
Start importing Assets/flow/Lava/flowmap.png using Guid(ab0bd0c74d91a204aa457c415010c4e1) Importer(815301076,1909f56bfc062723c751e8b465ee728b)  -> (artifact id: '50a1ef28ff56720d4d9154c1fd016cd0') in 0.020273 seconds
  Import took 0.024921 seconds .

========================================================================
Received Import Request.
  Time since last request: 0.018066 seconds.
  path: Assets/flow/Lava/flowmap.png
  artifactKey: Guid(ab0bd0c74d91a204aa457c415010c4e1) Importer(815301076,1909f56bfc062723c751e8b465ee728b)
Start importing Assets/flow/Lava/flowmap.png using Guid(ab0bd0c74d91a204aa457c415010c4e1) Importer(815301076,1909f56bfc062723c751e8b465ee728b)  -> (artifact id: '50a1ef28ff56720d4d9154c1fd016cd0') in 0.012166 seconds
  Import took 0.025693 seconds .

========================================================================
Received Import Request.
  Time since last request: 168.780545 seconds.
  path: Assets/flow/Lava/flowmap.png
  artifactKey: Guid(ab0bd0c74d91a204aa457c415010c4e1) Importer(815301076,1909f56bfc062723c751e8b465ee728b)
Start importing Assets/flow/Lava/flowmap.png using Guid(ab0bd0c74d91a204aa457c415010c4e1) Importer(815301076,1909f56bfc062723c751e8b465ee728b)  -> (artifact id: '5264ceb52bca957b9237ab4df87fdfe9') in 0.010076 seconds
  Import took 0.013814 seconds .

========================================================================
Received Import Request.
  Time since last request: 0.001222 seconds.
  path: Assets/flow/Lava/flowmap.png
  artifactKey: Guid(ab0bd0c74d91a204aa457c415010c4e1) Importer(815301076,1909f56bfc062723c751e8b465ee728b)
Start importing Assets/flow/Lava/flowmap.png using Guid(ab0bd0c74d91a204aa457c415010c4e1) Importer(815301076,1909f56bfc062723c751e8b465ee728b)  -> (artifact id: '5264ceb52bca957b9237ab4df87fdfe9') in 0.008864 seconds
  Import took 0.012374 seconds .

========================================================================
Received Prepare
Registering precompiled user dll's ...
Registered in 0.001362 seconds.
Begin MonoManager ReloadAssembly
Native extension for WindowsStandalone target not found
Refreshing native plugins compatible for Editor in 0.38 ms, found 0 plugins.
Preloading 0 native plugins for Editor in 0.00 ms.
Invoked RoslynAnalysisRunner static constructor.
RoslynAnalysisRunner will not be running.
RoslynAnalysisRunner has terminated.
Mono: successfully reloaded assembly
- Completed reload, in  0.896 seconds
Platform modules already initialized, skipping
Shader 'Universal Render Pipeline/Particles/Lit': fallback shader 'Universal Render Pipeline/Particles/SimpleLit' not found
Shader 'Universal Render Pipeline/Particles/Lit': fallback shader 'Universal Render Pipeline/Particles/SimpleLit' not found
Refreshing native plugins compatible for Editor in 0.40 ms, found 0 plugins.
Preloading 0 native plugins for Editor in 0.00 ms.
Unloading 2342 Unused Serialized files (Serialized files now loaded: 0)
System memory in use before: 116.4 MB.
System memory in use after: 112.9 MB.

Unloading 42 unused Assets to reduce memory usage. Loaded Objects now: 2955.
Total: 4.831800 ms (FindLiveObjects: 0.295400 ms CreateObjectMapping: 0.200000 ms MarkObjects: 2.050100 ms  DeleteObjects: 2.284700 ms)

========================================================================
Received Import Request.
  Time since last request: 7.591052 seconds.
  path: Assets/flow/Lava/Lava004_1K_Color.png
  artifactKey: Guid(3313bd9d94801e041b2ffa86bd212b62) Importer(815301076,1909f56bfc062723c751e8b465ee728b)
Start importing Assets/flow/Lava/Lava004_1K_Color.png using Guid(3313bd9d94801e041b2ffa86bd212b62) Importer(815301076,1909f56bfc062723c751e8b465ee728b)  -> (artifact id: '24a1cbd51f21b50c1d869bc04949136d') in 0.038119 seconds
  Import took 0.042481 seconds .

========================================================================
Received Import Request.
  Time since last request: 8.889897 seconds.
  path: Assets/flow/Lava/Lava004_1K_Normal.png
  artifactKey: Guid(a1d9b8950b0fbbc428a30b3adf035f17) Importer(815301076,1909f56bfc062723c751e8b465ee728b)
Start importing Assets/flow/Lava/Lava004_1K_Normal.png using Guid(a1d9b8950b0fbbc428a30b3adf035f17) Importer(815301076,1909f56bfc062723c751e8b465ee728b)  -> (artifact id: 'ba38c08837919b26b19472325625f16b') in 0.011983 seconds
  Import took 0.016141 seconds .

========================================================================
Received Import Request.
  Time since last request: 0.000918 seconds.
  path: Assets/flow/Lava/Lava004_1K_Normal.png
  artifactKey: Guid(a1d9b8950b0fbbc428a30b3adf035f17) Importer(815301076,1909f56bfc062723c751e8b465ee728b)
Start importing Assets/flow/Lava/Lava004_1K_Normal.png using Guid(a1d9b8950b0fbbc428a30b3adf035f17) Importer(815301076,1909f56bfc062723c751e8b465ee728b)  -> (artifact id: 'ba38c08837919b26b19472325625f16b') in 0.013450 seconds
  Import took 0.017277 seconds .

========================================================================
Received Import Request.
  Time since last request: 3.159982 seconds.
  path: Assets/flow/Lava/Lava004_1K_Normal.png
  artifactKey: Guid(a1d9b8950b0fbbc428a30b3adf035f17) Importer(815301076,1909f56bfc062723c751e8b465ee728b)
Start importing Assets/flow/Lava/Lava004_1K_Normal.png using Guid(a1d9b8950b0fbbc428a30b3adf035f17) Importer(815301076,1909f56bfc062723c751e8b465ee728b)  -> (artifact id: '9043ec36a397b6fbcaa54b6458da12a0') in 0.010983 seconds
  Import took 0.015662 seconds .

========================================================================
Received Import Request.
  Time since last request: 25.259710 seconds.
  path: Assets/flow/SG_Flowmap.shadergraph
  artifactKey: Guid(0d6ef7ebc563c9d42b27390ec6c18665) Importer(815301076,1909f56bfc062723c751e8b465ee728b)
Start importing Assets/flow/SG_Flowmap.shadergraph using Guid(0d6ef7ebc563c9d42b27390ec6c18665) Importer(815301076,1909f56bfc062723c751e8b465ee728b)  -> (artifact id: '29211bf8412a80e081f4bfcb9b5e0759') in 0.007921 seconds
  Import took 0.011813 seconds .

========================================================================
Received Import Request.
  Time since last request: 0.001125 seconds.
  path: Assets/flow/SG_Flowmap.shadergraph
  artifactKey: Guid(0d6ef7ebc563c9d42b27390ec6c18665) Importer(815301076,1909f56bfc062723c751e8b465ee728b)
Start importing Assets/flow/SG_Flowmap.shadergraph using Guid(0d6ef7ebc563c9d42b27390ec6c18665) Importer(815301076,1909f56bfc062723c751e8b465ee728b)  -> (artifact id: '29211bf8412a80e081f4bfcb9b5e0759') in 0.003216 seconds
  Import took 0.006869 seconds .

========================================================================
Received Import Request.
  Time since last request: 36.620716 seconds.
  path: Assets/flow/SG_Flowmap.shadergraph
  artifactKey: Guid(0d6ef7ebc563c9d42b27390ec6c18665) Importer(815301076,1909f56bfc062723c751e8b465ee728b)
Start importing Assets/flow/SG_Flowmap.shadergraph using Guid(0d6ef7ebc563c9d42b27390ec6c18665) Importer(815301076,1909f56bfc062723c751e8b465ee728b)  -> (artifact id: '5038237a653b0709445874df62976cbe') in 0.003750 seconds
  Import took 0.008141 seconds .

========================================================================
Received Prepare
Registering precompiled user dll's ...
Registered in 0.001801 seconds.
Begin MonoManager ReloadAssembly
Native extension for WindowsStandalone target not found
Refreshing native plugins compatible for Editor in 0.38 ms, found 0 plugins.
Preloading 0 native plugins for Editor in 0.00 ms.
Invoked RoslynAnalysisRunner static constructor.
RoslynAnalysisRunner will not be running.
RoslynAnalysisRunner has terminated.
Mono: successfully reloaded assembly
- Completed reload, in  0.899 seconds
Platform modules already initialized, skipping
Shader 'Universal Render Pipeline/Particles/Lit': fallback shader 'Universal Render Pipeline/Particles/SimpleLit' not found
Shader 'Universal Render Pipeline/Particles/Lit': fallback shader 'Universal Render Pipeline/Particles/SimpleLit' not found
Refreshing native plugins compatible for Editor in 0.37 ms, found 0 plugins.
Preloading 0 native plugins for Editor in 0.00 ms.
Unloading 2342 Unused Serialized files (Serialized files now loaded: 0)
System memory in use before: 116.3 MB.
System memory in use after: 112.8 MB.

Unloading 42 unused Assets to reduce memory usage. Loaded Objects now: 2958.
Total: 4.665100 ms (FindLiveObjects: 0.237400 ms CreateObjectMapping: 0.108900 ms MarkObjects: 1.789700 ms  DeleteObjects: 2.527900 ms)

========================================================================
Received Import Request.
  Time since last request: 320.492859 seconds.
  path: Assets/flow/Lava/flowmap 1.png
  artifactKey: Guid(2c81be032ced2254091d7e4ae39eadcf) Importer(815301076,1909f56bfc062723c751e8b465ee728b)
Start importing Assets/flow/Lava/flowmap 1.png using Guid(2c81be032ced2254091d7e4ae39eadcf) Importer(815301076,1909f56bfc062723c751e8b465ee728b)  -> (artifact id: '0516741ff6ea9b45cbabbc49af7c54b3') in 0.036939 seconds
  Import took 0.041333 seconds .

========================================================================
Received Import Request.
  Time since last request: 0.000235 seconds.
  path: Assets/Rocks and Boulders 2/Rocks/Source/Textures/Rock2_h.png
  artifactKey: Guid(7235df9ad3bd98540b629d630d1f62c5) Importer(815301076,1909f56bfc062723c751e8b465ee728b)
Start importing Assets/Rocks and Boulders 2/Rocks/Source/Textures/Rock2_h.png using Guid(7235df9ad3bd98540b629d630d1f62c5) Importer(815301076,1909f56bfc062723c751e8b465ee728b)  -> (artifact id: 'c4f4925fb4ac08efdaff922866b3981e') in 0.011863 seconds
  Import took 0.015551 seconds .

========================================================================
Received Import Request.
  Time since last request: 0.000189 seconds.
  path: Assets/Rocks and Boulders 2/Rocks/Source/Textures/Rockdetail9_nmp.tif
  artifactKey: Guid(40d7e466eee8bf94887ff82c1e1255e4) Importer(815301076,1909f56bfc062723c751e8b465ee728b)
Start importing Assets/Rocks and Boulders 2/Rocks/Source/Textures/Rockdetail9_nmp.tif using Guid(40d7e466eee8bf94887ff82c1e1255e4) Importer(815301076,1909f56bfc062723c751e8b465ee728b)  -> (artifact id: '482ecedcc9aae893698bfb468c1f43fa') in 0.024116 seconds
  Import took 0.027531 seconds .

========================================================================
Received Import Request.
  Time since last request: 0.000191 seconds.
  path: Assets/Rocks and Boulders 2/Rocks/Source/Textures/Rock4.tif
  artifactKey: Guid(092dca7a8192dd548a017b0eb2af8d4e) Importer(815301076,1909f56bfc062723c751e8b465ee728b)
Start importing Assets/Rocks and Boulders 2/Rocks/Source/Textures/Rock4.tif using Guid(092dca7a8192dd548a017b0eb2af8d4e) Importer(815301076,1909f56bfc062723c751e8b465ee728b)  -> (artifact id: '5429dcf4796be411964cc0c99b8b6c5d') in 0.011903 seconds
  Import took 0.015898 seconds .

========================================================================
Received Import Request.
  Time since last request: 0.000255 seconds.
  path: Assets/Rocks and Boulders 2/Rocks/Source/Textures/Rockdetail6_nmp.tif
  artifactKey: Guid(c1ad52c6b913ce247ae933cd6d8cea55) Importer(815301076,1909f56bfc062723c751e8b465ee728b)
Start importing Assets/Rocks and Boulders 2/Rocks/Source/Textures/Rockdetail6_nmp.tif using Guid(c1ad52c6b913ce247ae933cd6d8cea55) Importer(815301076,1909f56bfc062723c751e8b465ee728b)  -> (artifact id: '26624972c154108b6677f9f25c928d2b') in 0.011184 seconds
  Import took 0.014649 seconds .

========================================================================
Received Import Request.
  Time since last request: 0.000281 seconds.
  path: Assets/Rocks and Boulders 2/Rocks/Source/Textures/Rockdetail10_nmp.tif
  artifactKey: Guid(7f12407c374d40e49899f9cab23e5cc0) Importer(815301076,1909f56bfc062723c751e8b465ee728b)
Start importing Assets/Rocks and Boulders 2/Rocks/Source/Textures/Rockdetail10_nmp.tif using Guid(7f12407c374d40e49899f9cab23e5cc0) Importer(815301076,1909f56bfc062723c751e8b465ee728b)  -> (artifact id: '32a281c86b7e664df76729af0cd01e03') in 0.011958 seconds
  Import took 0.016050 seconds .

========================================================================
Received Import Request.
  Time since last request: 0.000126 seconds.
  path: Assets/Rocks and Boulders 2/Rocks/Source/Textures/neutral.tif
  artifactKey: Guid(55e05e8c1ca5996429a39a50faa136c4) Importer(815301076,1909f56bfc062723c751e8b465ee728b)
Start importing Assets/Rocks and Boulders 2/Rocks/Source/Textures/neutral.tif using Guid(55e05e8c1ca5996429a39a50faa136c4) Importer(815301076,1909f56bfc062723c751e8b465ee728b)  -> (artifact id: '5f645a88dbe4fb136e216981b00706bf') in 0.010048 seconds
  Import took 0.013989 seconds .

========================================================================
Received Import Request.
  Time since last request: 0.000183 seconds.
  path: Assets/Rocks and Boulders 2/Rocks/Source/Textures/Rockdetail8_nmp.tif
  artifactKey: Guid(bc51ce897c3829c408ba9c4bf9390954) Importer(815301076,1909f56bfc062723c751e8b465ee728b)
Start importing Assets/Rocks and Boulders 2/Rocks/Source/Textures/Rockdetail8_nmp.tif using Guid(bc51ce897c3829c408ba9c4bf9390954) Importer(815301076,1909f56bfc062723c751e8b465ee728b)  -> (artifact id: '770761d3dc160b197730940ab27b1373') in 0.010717 seconds
  Import took 0.014286 seconds .

========================================================================
Received Import Request.
  Time since last request: 0.000262 seconds.
  path: Assets/Rocks and Boulders 2/Rocks/Source/Textures/Rockdetail2.tif
  artifactKey: Guid(016e95565131cbe4bbe66d399a1c4efa) Importer(815301076,1909f56bfc062723c751e8b465ee728b)
Start importing Assets/Rocks and Boulders 2/Rocks/Source/Textures/Rockdetail2.tif using Guid(016e95565131cbe4bbe66d399a1c4efa) Importer(815301076,1909f56bfc062723c751e8b465ee728b)  -> (artifact id: '71ff2894f22a11c8a2deb7ccf978b33b') in 0.010126 seconds
  Import took 0.014716 seconds .

========================================================================
Received Import Request.
  Time since last request: 0.000183 seconds.
  path: Assets/Rocks and Boulders 2/Rocks/Source/Textures/Rockdetail11_nmp.tif
  artifactKey: Guid(3dff83e381c4c7742a668b4abee84f57) Importer(815301076,1909f56bfc062723c751e8b465ee728b)
Start importing Assets/Rocks and Boulders 2/Rocks/Source/Textures/Rockdetail11_nmp.tif using Guid(3dff83e381c4c7742a668b4abee84f57) Importer(815301076,1909f56bfc062723c751e8b465ee728b)  -> (artifact id: '55eb5e8b341edfd1bfd153cb44b1bf6c') in 0.010454 seconds
  Import took 0.013870 seconds .

========================================================================
Received Import Request.
  Time since last request: 0.000158 seconds.
  path: Assets/Rocks and Boulders 2/Rocks/Source/Textures/Rockdetail4.tif
  artifactKey: Guid(adf62696ffb597d4a882df95345d744b) Importer(815301076,1909f56bfc062723c751e8b465ee728b)
Start importing Assets/Rocks and Boulders 2/Rocks/Source/Textures/Rockdetail4.tif using Guid(adf62696ffb597d4a882df95345d744b) Importer(815301076,1909f56bfc062723c751e8b465ee728b)  -> (artifact id: 'b118687b68b9801f9a08f579c840c397') in 0.009509 seconds
  Import took 0.012715 seconds .

========================================================================
Received Import Request.
  Time since last request: 0.000127 seconds.
  path: Assets/Rocks and Boulders 2/Rocks/Source/Textures/Rock1_nmp.tif
  artifactKey: Guid(42c12cb55ddd98245a0b2c96121c8a5a) Importer(815301076,1909f56bfc062723c751e8b465ee728b)
Start importing Assets/Rocks and Boulders 2/Rocks/Source/Textures/Rock1_nmp.tif using Guid(42c12cb55ddd98245a0b2c96121c8a5a) Importer(815301076,1909f56bfc062723c751e8b465ee728b)  -> (artifact id: '14398bcf251015decfd802381328a5d8') in 0.012390 seconds
  Import took 0.015510 seconds .

========================================================================
Received Import Request.
  Time since last request: 0.000174 seconds.
  path: Assets/Rocks and Boulders 2/Rocks/Source/Textures/Rockdetail5.tif
  artifactKey: Guid(686064a605073d24380ee520c591a335) Importer(815301076,1909f56bfc062723c751e8b465ee728b)
Start importing Assets/Rocks and Boulders 2/Rocks/Source/Textures/Rockdetail5.tif using Guid(686064a605073d24380ee520c591a335) Importer(815301076,1909f56bfc062723c751e8b465ee728b)  -> (artifact id: '0332b04b5e70214aabaf5c2b607f626f') in 0.010760 seconds
  Import took 0.014029 seconds .

========================================================================
Received Import Request.
  Time since last request: 0.000177 seconds.
  path: Assets/Rocks and Boulders 2/Rocks/Source/Textures/Rockdetail12_nmp.tif
  artifactKey: Guid(5509ded9297dad54785f6adfae502923) Importer(815301076,1909f56bfc062723c751e8b465ee728b)
Start importing Assets/Rocks and Boulders 2/Rocks/Source/Textures/Rockdetail12_nmp.tif using Guid(5509ded9297dad54785f6adfae502923) Importer(815301076,1909f56bfc062723c751e8b465ee728b)  -> (artifact id: 'ca817ed2c036bc4fdae824d6fc7cdb6b') in 0.010361 seconds
  Import took 0.013766 seconds .

========================================================================
Received Import Request.
  Time since last request: 0.000166 seconds.
  path: Assets/Rocks and Boulders 2/Rocks/Source/Textures/Rock4_ao.png
  artifactKey: Guid(4253a798b9e853147adf917a51a2b97a) Importer(815301076,1909f56bfc062723c751e8b465ee728b)
Start importing Assets/Rocks and Boulders 2/Rocks/Source/Textures/Rock4_ao.png using Guid(4253a798b9e853147adf917a51a2b97a) Importer(815301076,1909f56bfc062723c751e8b465ee728b)  -> (artifact id: '6aa0134676f8302593e2a3af46ef32c9') in 0.010336 seconds
  Import took 0.013718 seconds .

========================================================================
Received Import Request.
  Time since last request: 0.000105 seconds.
  path: Assets/Rocks and Boulders 2/Rocks/Source/Textures/Rock6_snow.tif
  artifactKey: Guid(9ac312e76d15d504882249d38d6e0288) Importer(815301076,1909f56bfc062723c751e8b465ee728b)
Start importing Assets/Rocks and Boulders 2/Rocks/Source/Textures/Rock6_snow.tif using Guid(9ac312e76d15d504882249d38d6e0288) Importer(815301076,1909f56bfc062723c751e8b465ee728b)  -> (artifact id: '3ef15a0fa6429a28ba57c29feeb77e4a') in 0.013629 seconds
  Import took 0.018749 seconds .

========================================================================
Received Import Request.
  Time since last request: 0.000112 seconds.
  path: Assets/Rocks and Boulders 2/Rocks/Source/Textures/neutral_nmp.tif
  artifactKey: Guid(be834ced0f6dfe5449701caebb2023c9) Importer(815301076,1909f56bfc062723c751e8b465ee728b)
Start importing Assets/Rocks and Boulders 2/Rocks/Source/Textures/neutral_nmp.tif using Guid(be834ced0f6dfe5449701caebb2023c9) Importer(815301076,1909f56bfc062723c751e8b465ee728b)  -> (artifact id: 'd086f8070dc0a9c56aa8acefca063e17') in 0.008247 seconds
  Import took 0.012353 seconds .

========================================================================
Received Import Request.
  Time since last request: 0.000176 seconds.
  path: Assets/flow/Lava/Lava004_1K_Emission.png
  artifactKey: Guid(73ad67ede36cd664b9516fcd1ff50472) Importer(815301076,1909f56bfc062723c751e8b465ee728b)
Start importing Assets/flow/Lava/Lava004_1K_Emission.png using Guid(73ad67ede36cd664b9516fcd1ff50472) Importer(815301076,1909f56bfc062723c751e8b465ee728b)  -> (artifact id: '5dd9f27ede73666a6faf2c9ebdf1fb14') in 0.013710 seconds
  Import took 0.017569 seconds .

========================================================================
Received Import Request.
  Time since last request: 0.000065 seconds.
  path: Assets/Rocks and Boulders 2/Rocks/Source/Textures/Rockdetail6.tif
  artifactKey: Guid(98b867924d19a23419a46124897d4937) Importer(815301076,1909f56bfc062723c751e8b465ee728b)
Start importing Assets/Rocks and Boulders 2/Rocks/Source/Textures/Rockdetail6.tif using Guid(98b867924d19a23419a46124897d4937) Importer(815301076,1909f56bfc062723c751e8b465ee728b)  -> (artifact id: '75240cb9b16073ae19d06fd5b48a32ca') in 0.010164 seconds
  Import took 0.014729 seconds .

========================================================================
Received Import Request.
  Time since last request: 0.000189 seconds.
  path: Assets/Rocks and Boulders 2/Rocks/Source/Textures/Rock5.tif
  artifactKey: Guid(312c93ed564bd8840ab4818e3db14d8a) Importer(815301076,1909f56bfc062723c751e8b465ee728b)
Start importing Assets/Rocks and Boulders 2/Rocks/Source/Textures/Rock5.tif using Guid(312c93ed564bd8840ab4818e3db14d8a) Importer(815301076,1909f56bfc062723c751e8b465ee728b)  -> (artifact id: '52b314910a7a8336fbb60b4e7f986243') in 0.013664 seconds
  Import took 0.017672 seconds .

========================================================================
Received Import Request.
  Time since last request: 0.000141 seconds.
  path: Assets/Rocks and Boulders 2/Rocks/Source/Textures/Rock3_ao.png
  artifactKey: Guid(11cb6765864eda847a33cdceac63bbc7) Importer(815301076,1909f56bfc062723c751e8b465ee728b)
Start importing Assets/Rocks and Boulders 2/Rocks/Source/Textures/Rock3_ao.png using Guid(11cb6765864eda847a33cdceac63bbc7) Importer(815301076,1909f56bfc062723c751e8b465ee728b)  -> (artifact id: '23edccf8c6b2a3759f01945f8aec550a') in 0.011514 seconds
  Import took 0.016054 seconds .

========================================================================
Received Import Request.
  Time since last request: 0.000140 seconds.
  path: Assets/Rocks and Boulders 2/Rocks/Source/Textures/Rockdetail3_nmp.tif
  artifactKey: Guid(24bcc36f93b595a4c86ae1f93c308352) Importer(815301076,1909f56bfc062723c751e8b465ee728b)
Start importing Assets/Rocks and Boulders 2/Rocks/Source/Textures/Rockdetail3_nmp.tif using Guid(24bcc36f93b595a4c86ae1f93c308352) Importer(815301076,1909f56bfc062723c751e8b465ee728b)  -> (artifact id: '512ed1bbaa10b3a2a9de679feb649724') in 0.011890 seconds
  Import took 0.016031 seconds .

========================================================================
Received Import Request.
  Time since last request: 0.000106 seconds.
  path: Assets/Rocks and Boulders 2/Rocks/Source/Textures/Rock3_nmp.tif
  artifactKey: Guid(9097a6a42d07fe2479d0545fcd6b6280) Importer(815301076,1909f56bfc062723c751e8b465ee728b)
Start importing Assets/Rocks and Boulders 2/Rocks/Source/Textures/Rock3_nmp.tif using Guid(9097a6a42d07fe2479d0545fcd6b6280) Importer(815301076,1909f56bfc062723c751e8b465ee728b)  -> (artifact id: '710cc6955eae868dd67d236c6a141486') in 0.013777 seconds
  Import took 0.017678 seconds .

========================================================================
Received Import Request.
  Time since last request: 0.000233 seconds.
  path: Assets/Rocks and Boulders 2/Rocks/Source/Textures/Rockdetail7_nmp.tif
  artifactKey: Guid(5f77f20afa4153d47b190a7defc9edf0) Importer(815301076,1909f56bfc062723c751e8b465ee728b)
Start importing Assets/Rocks and Boulders 2/Rocks/Source/Textures/Rockdetail7_nmp.tif using Guid(5f77f20afa4153d47b190a7defc9edf0) Importer(815301076,1909f56bfc062723c751e8b465ee728b)  -> (artifact id: '83eeccc629032ce3ae0fb2c3302da4d4') in 0.011900 seconds
  Import took 0.018877 seconds .

========================================================================
Received Import Request.
  Time since last request: 0.000159 seconds.
  path: Assets/Rocks and Boulders 2/Rocks/Source/Textures/Rock3_ms.png
  artifactKey: Guid(e31eafdbd8a85f34ab9dcd2fc9021997) Importer(815301076,1909f56bfc062723c751e8b465ee728b)
Start importing Assets/Rocks and Boulders 2/Rocks/Source/Textures/Rock3_ms.png using Guid(e31eafdbd8a85f34ab9dcd2fc9021997) Importer(815301076,1909f56bfc062723c751e8b465ee728b)  -> (artifact id: '50bff3143d76a490d40a2c84e94b1c46') in 0.013746 seconds
  Import took 0.018687 seconds .

========================================================================
Received Import Request.
  Time since last request: 0.000180 seconds.
  path: Assets/Rocks and Boulders 2/Rocks/Source/Textures/Rock5_ao.png
  artifactKey: Guid(f6526ae33cace7c46ab54463669ab556) Importer(815301076,1909f56bfc062723c751e8b465ee728b)
Start importing Assets/Rocks and Boulders 2/Rocks/Source/Textures/Rock5_ao.png using Guid(f6526ae33cace7c46ab54463669ab556) Importer(815301076,1909f56bfc062723c751e8b465ee728b)  -> (artifact id: 'bcc20bb9568d05aab352604775a37f38') in 0.015123 seconds
  Import took 0.022955 seconds .

========================================================================
Received Import Request.
  Time since last request: 0.000171 seconds.
  path: Assets/Rocks and Boulders 2/Rocks/Source/Textures/Rock6.tif
  artifactKey: Guid(2c14dee6b3a5fa4448cc7da72765ddde) Importer(815301076,1909f56bfc062723c751e8b465ee728b)
Start importing Assets/Rocks and Boulders 2/Rocks/Source/Textures/Rock6.tif using Guid(2c14dee6b3a5fa4448cc7da72765ddde) Importer(815301076,1909f56bfc062723c751e8b465ee728b)  -> (artifact id: '54d1fb743222128a4854af28cd854ede') in 0.016704 seconds
  Import took 0.021928 seconds .

========================================================================
Received Import Request.
  Time since last request: 0.000224 seconds.
  path: Assets/Rocks and Boulders 2/Rocks/Source/Textures/Rock5_h.png
  artifactKey: Guid(0f4ca202c9a9aea47b30a1fa32effc1f) Importer(815301076,1909f56bfc062723c751e8b465ee728b)
Start importing Assets/Rocks and Boulders 2/Rocks/Source/Textures/Rock5_h.png using Guid(0f4ca202c9a9aea47b30a1fa32effc1f) Importer(815301076,1909f56bfc062723c751e8b465ee728b)  -> (artifact id: '03479da0ccd1d7109ac4363d0759a6e8') in 0.012194 seconds
  Import took 0.018464 seconds .

========================================================================
Received Import Request.
  Time since last request: 0.000172 seconds.
  path: Assets/Rocks and Boulders 2/Rocks/Source/Textures/Rock6_h.png
  artifactKey: Guid(ea5fa60747dcedc4cb9f54ae82142568) Importer(815301076,1909f56bfc062723c751e8b465ee728b)
Start importing Assets/Rocks and Boulders 2/Rocks/Source/Textures/Rock6_h.png using Guid(ea5fa60747dcedc4cb9f54ae82142568) Importer(815301076,1909f56bfc062723c751e8b465ee728b)  -> (artifact id: '65ba8b7395b0bfa6642b3a29e995e24a') in 0.013537 seconds
  Import took 0.018102 seconds .

========================================================================
Received Import Request.
  Time since last request: 0.000277 seconds.
  path: Assets/Rocks and Boulders 2/Rocks/Source/Textures/Rock6_nmp.tif
  artifactKey: Guid(4e1f3e7249bd7764aa7993a48695ab65) Importer(815301076,1909f56bfc062723c751e8b465ee728b)
Start importing Assets/Rocks and Boulders 2/Rocks/Source/Textures/Rock6_nmp.tif using Guid(4e1f3e7249bd7764aa7993a48695ab65) Importer(815301076,1909f56bfc062723c751e8b465ee728b)  -> (artifact id: '805e8ba3545f14490e786fc4bf18106d') in 0.015749 seconds
  Import took 0.021563 seconds .

========================================================================
Received Import Request.
  Time since last request: 0.000177 seconds.
  path: Assets/Rocks and Boulders 2/Rocks/Source/Textures/Rockdetail2_nmp.tif
  artifactKey: Guid(047414cbd2e318e41a7d1557a27d36c5) Importer(815301076,1909f56bfc062723c751e8b465ee728b)
Start importing Assets/Rocks and Boulders 2/Rocks/Source/Textures/Rockdetail2_nmp.tif using Guid(047414cbd2e318e41a7d1557a27d36c5) Importer(815301076,1909f56bfc062723c751e8b465ee728b)  -> (artifact id: '51eadcb22ab86ccb9598c685a9d7f59f') in 0.023154 seconds
  Import took 0.027288 seconds .

========================================================================
Received Import Request.
  Time since last request: 0.000189 seconds.
  path: Assets/Rocks and Boulders 2/Rocks/Source/Textures/Rockdetail4_nmp.tif
  artifactKey: Guid(2c7455542485cce45988e19384b08d01) Importer(815301076,1909f56bfc062723c751e8b465ee728b)
Start importing Assets/Rocks and Boulders 2/Rocks/Source/Textures/Rockdetail4_nmp.tif using Guid(2c7455542485cce45988e19384b08d01) Importer(815301076,1909f56bfc062723c751e8b465ee728b)  -> (artifact id: '46a8ada8d08e693ee1fbf09dccfbe39a') in 0.012304 seconds
  Import took 0.016448 seconds .

========================================================================
Received Import Request.
  Time since last request: 0.000208 seconds.
  path: Assets/Rocks and Boulders 2/Rocks/Source/Textures/Rock1_ms.png
  artifactKey: Guid(6be0cac17b48f154d9703d89e90c4dac) Importer(815301076,1909f56bfc062723c751e8b465ee728b)
Start importing Assets/Rocks and Boulders 2/Rocks/Source/Textures/Rock1_ms.png using Guid(6be0cac17b48f154d9703d89e90c4dac) Importer(815301076,1909f56bfc062723c751e8b465ee728b)  -> (artifact id: '86e97b2282c4f79f4b138b7a143d9038') in 0.012396 seconds
  Import took 0.016219 seconds .

========================================================================
Received Import Request.
  Time since last request: 0.000182 seconds.
  path: Assets/Rocks and Boulders 2/Rocks/Source/Textures/Rockdetail5_nmp.tif
  artifactKey: Guid(bcf25bfea0bfd70469ba400a885d4c1e) Importer(815301076,1909f56bfc062723c751e8b465ee728b)
Start importing Assets/Rocks and Boulders 2/Rocks/Source/Textures/Rockdetail5_nmp.tif using Guid(bcf25bfea0bfd70469ba400a885d4c1e) Importer(815301076,1909f56bfc062723c751e8b465ee728b)  -> (artifact id: '400b300f0a6c60fd173e5c1ca438e71b') in 0.011577 seconds
  Import took 0.015580 seconds .

========================================================================
Received Import Request.
  Time since last request: 0.000202 seconds.
  path: Assets/Rocks and Boulders 2/Rocks/Source/Textures/Rock3_snow.tif
  artifactKey: Guid(64ae36b4bdd83844aa64bb7fec019aa1) Importer(815301076,1909f56bfc062723c751e8b465ee728b)
Start importing Assets/Rocks and Boulders 2/Rocks/Source/Textures/Rock3_snow.tif using Guid(64ae36b4bdd83844aa64bb7fec019aa1) Importer(815301076,1909f56bfc062723c751e8b465ee728b)  -> (artifact id: 'ea41f9ba6b8674d8334642d6064e607d') in 0.012110 seconds
  Import took 0.016478 seconds .

========================================================================
Received Import Request.
  Time since last request: 0.000198 seconds.
  path: Assets/flow/Lava/Lava004_1K_Displacement.png
  artifactKey: Guid(746ef5c6b5ee8e643a8ded260ed8db44) Importer(815301076,1909f56bfc062723c751e8b465ee728b)
Start importing Assets/flow/Lava/Lava004_1K_Displacement.png using Guid(746ef5c6b5ee8e643a8ded260ed8db44) Importer(815301076,1909f56bfc062723c751e8b465ee728b)  -> (artifact id: '37006da3145d54913a41e220e15e1059') in 0.014032 seconds
  Import took 0.018223 seconds .

========================================================================
Received Import Request.
  Time since last request: 0.000168 seconds.
  path: Assets/Rocks and Boulders 2/Rocks/Source/Textures/Rockdetail11.tif
  artifactKey: Guid(a604d1fd298b06e4b882f7cb3a172a7c) Importer(815301076,1909f56bfc062723c751e8b465ee728b)
Start importing Assets/Rocks and Boulders 2/Rocks/Source/Textures/Rockdetail11.tif using Guid(a604d1fd298b06e4b882f7cb3a172a7c) Importer(815301076,1909f56bfc062723c751e8b465ee728b)  -> (artifact id: 'a58130f2ff56d8173c21f98ba461ed9a') in 0.009888 seconds
  Import took 0.013954 seconds .

========================================================================
Received Import Request.
  Time since last request: 0.000161 seconds.
  path: Assets/Rocks and Boulders 2/Rocks/Source/Textures/Rockdetail9.tif
  artifactKey: Guid(30cc329797fd9684bb7c6608318df508) Importer(815301076,1909f56bfc062723c751e8b465ee728b)
Start importing Assets/Rocks and Boulders 2/Rocks/Source/Textures/Rockdetail9.tif using Guid(30cc329797fd9684bb7c6608318df508) Importer(815301076,1909f56bfc062723c751e8b465ee728b)  -> (artifact id: '144ddce54f5ea31153747fc73e054834') in 0.010032 seconds
  Import took 0.014171 seconds .

========================================================================
Received Import Request.
  Time since last request: 0.000160 seconds.
  path: Assets/Rocks and Boulders 2/Rocks/Source/Textures/Rock2_snow.tif
  artifactKey: Guid(b7a96b9d5a1c9ff49a691b1ae2e98959) Importer(815301076,1909f56bfc062723c751e8b465ee728b)
Start importing Assets/Rocks and Boulders 2/Rocks/Source/Textures/Rock2_snow.tif using Guid(b7a96b9d5a1c9ff49a691b1ae2e98959) Importer(815301076,1909f56bfc062723c751e8b465ee728b)  -> (artifact id: 'e7c7db294be8379d5aa4c3a7ac118007') in 0.010532 seconds
  Import took 0.014217 seconds .

========================================================================
Received Import Request.
  Time since last request: 0.000167 seconds.
  path: Assets/Rocks and Boulders 2/Rocks/Source/Textures/Rockdetail3.tif
  artifactKey: Guid(85802eac53a318647b463cb048c1639d) Importer(815301076,1909f56bfc062723c751e8b465ee728b)
Start importing Assets/Rocks and Boulders 2/Rocks/Source/Textures/Rockdetail3.tif using Guid(85802eac53a318647b463cb048c1639d) Importer(815301076,1909f56bfc062723c751e8b465ee728b)  -> (artifact id: 'ffe979c07bc389e6d2f3546c7c907015') in 0.010191 seconds
  Import took 0.014850 seconds .

========================================================================
Received Import Request.
  Time since last request: 0.000161 seconds.
  path: Assets/Rocks and Boulders 2/Rocks/Source/Textures/Rock4_ms.png
  artifactKey: Guid(a190f507abd111b468acabc651f904ae) Importer(815301076,1909f56bfc062723c751e8b465ee728b)
Start importing Assets/Rocks and Boulders 2/Rocks/Source/Textures/Rock4_ms.png using Guid(a190f507abd111b468acabc651f904ae) Importer(815301076,1909f56bfc062723c751e8b465ee728b)  -> (artifact id: '9e6373b9a9541bc36423cfa7fe7ed5cf') in 0.011685 seconds
  Import took 0.015391 seconds .

========================================================================
Received Import Request.
  Time since last request: 0.000156 seconds.
  path: Assets/Rocks and Boulders 2/Rocks/Source/Textures/Rock1_h.png
  artifactKey: Guid(d522c8a14f47f2f4e94a216d1f8f4cd2) Importer(815301076,1909f56bfc062723c751e8b465ee728b)
Start importing Assets/Rocks and Boulders 2/Rocks/Source/Textures/Rock1_h.png using Guid(d522c8a14f47f2f4e94a216d1f8f4cd2) Importer(815301076,1909f56bfc062723c751e8b465ee728b)  -> (artifact id: 'ddf8c75422199e72242e4f8dc52a8340') in 0.010281 seconds
  Import took 0.013895 seconds .

========================================================================
Received Import Request.
  Time since last request: 0.000441 seconds.
  path: Assets/Rocks and Boulders 2/Rocks/Source/Textures/Rock2.tif
  artifactKey: Guid(162c810bf5419394188c1c46a5db065e) Importer(815301076,1909f56bfc062723c751e8b465ee728b)
Start importing Assets/Rocks and Boulders 2/Rocks/Source/Textures/Rock2.tif using Guid(162c810bf5419394188c1c46a5db065e) Importer(815301076,1909f56bfc062723c751e8b465ee728b)  -> (artifact id: '67eeaf9d3df406cbe187d54fe4f33535') in 0.010794 seconds
  Import took 0.014348 seconds .

========================================================================
Received Import Request.
  Time since last request: 0.000161 seconds.
  path: Assets/Rocks and Boulders 2/Rocks/Source/Textures/Rock6_ao.png
  artifactKey: Guid(caa896f01dbad8a45afa58ec317b8538) Importer(815301076,1909f56bfc062723c751e8b465ee728b)
Start importing Assets/Rocks and Boulders 2/Rocks/Source/Textures/Rock6_ao.png using Guid(caa896f01dbad8a45afa58ec317b8538) Importer(815301076,1909f56bfc062723c751e8b465ee728b)  -> (artifact id: '60d0a3bf445f785c3bcbb40f3a6aaa5b') in 0.010490 seconds
  Import took 0.014187 seconds .

========================================================================
Received Import Request.
  Time since last request: 0.000158 seconds.
  path: Assets/Rocks and Boulders 2/Rocks/Source/Textures/Rock6_ms.png
  artifactKey: Guid(e677615ec9e660f4691a28a7e6abbfa6) Importer(815301076,1909f56bfc062723c751e8b465ee728b)
Start importing Assets/Rocks and Boulders 2/Rocks/Source/Textures/Rock6_ms.png using Guid(e677615ec9e660f4691a28a7e6abbfa6) Importer(815301076,1909f56bfc062723c751e8b465ee728b)  -> (artifact id: '29ae3e3e8ccefd2aa2dcfa9887d767d7') in 0.011550 seconds
  Import took 0.015396 seconds .

========================================================================
Received Import Request.
  Time since last request: 0.000153 seconds.
  path: Assets/Rocks and Boulders 2/Rocks/Source/Textures/Rock1_ao.png
  artifactKey: Guid(ddad99722f2103e4c9a909f6cedf8ea3) Importer(815301076,1909f56bfc062723c751e8b465ee728b)
Start importing Assets/Rocks and Boulders 2/Rocks/Source/Textures/Rock1_ao.png using Guid(ddad99722f2103e4c9a909f6cedf8ea3) Importer(815301076,1909f56bfc062723c751e8b465ee728b)  -> (artifact id: '3de15a2f1853373bcf207ddc70790be1') in 0.011433 seconds
  Import took 0.014975 seconds .

========================================================================
Received Import Request.
  Time since last request: 0.000160 seconds.
  path: Assets/Rocks and Boulders 2/Rocks/Source/Textures/Rockdetail1_nmp.tif
  artifactKey: Guid(0b099f8fbac461345b2a4bf38d9538e2) Importer(815301076,1909f56bfc062723c751e8b465ee728b)
Start importing Assets/Rocks and Boulders 2/Rocks/Source/Textures/Rockdetail1_nmp.tif using Guid(0b099f8fbac461345b2a4bf38d9538e2) Importer(815301076,1909f56bfc062723c751e8b465ee728b)  -> (artifact id: '9a98ca74e6ff825cacd7093727f0f22a') in 0.010716 seconds
  Import took 0.014589 seconds .

========================================================================
Received Import Request.
  Time since last request: 0.001659 seconds.
  path: Assets/Rocks and Boulders 2/Rocks/Source/Textures/Rock4_snow.tif
  artifactKey: Guid(f2eda5f416012234b9a9af83bb3797f9) Importer(815301076,1909f56bfc062723c751e8b465ee728b)
Start importing Assets/Rocks and Boulders 2/Rocks/Source/Textures/Rock4_snow.tif using Guid(f2eda5f416012234b9a9af83bb3797f9) Importer(815301076,1909f56bfc062723c751e8b465ee728b)  -> (artifact id: '63b03c0d9b2f785f4963f8a47efcd16a') in 0.011295 seconds
  Import took 0.016137 seconds .

========================================================================
Received Import Request.
  Time since last request: 0.000205 seconds.
  path: Assets/Rocks and Boulders 2/Rocks/Source/Textures/Rockdetail8.tif
  artifactKey: Guid(7bf0f3566beb89f4fb8785f70c000c82) Importer(815301076,1909f56bfc062723c751e8b465ee728b)
Start importing Assets/Rocks and Boulders 2/Rocks/Source/Textures/Rockdetail8.tif using Guid(7bf0f3566beb89f4fb8785f70c000c82) Importer(815301076,1909f56bfc062723c751e8b465ee728b)  -> (artifact id: '4836542dda874694154c4094601b0344') in 0.014039 seconds
  Import took 0.017951 seconds .

========================================================================
Received Import Request.
  Time since last request: 0.000192 seconds.
  path: Assets/Rocks and Boulders 2/Rocks/Source/Textures/Rock2_nmp.tif
  artifactKey: Guid(3a821c28b70b2b447ab3e66e3a2229e5) Importer(815301076,1909f56bfc062723c751e8b465ee728b)
Start importing Assets/Rocks and Boulders 2/Rocks/Source/Textures/Rock2_nmp.tif using Guid(3a821c28b70b2b447ab3e66e3a2229e5) Importer(815301076,1909f56bfc062723c751e8b465ee728b)  -> (artifact id: '76b566866c108d6ca01a82d26f44e2f1') in 0.015737 seconds
  Import took 0.019847 seconds .

========================================================================
Received Import Request.
  Time since last request: 0.000177 seconds.
  path: Assets/Rocks and Boulders 2/Rocks/Source/Textures/Rockdetail7.tif
  artifactKey: Guid(4d45e1355977ee44ebffdf905fe30d27) Importer(815301076,1909f56bfc062723c751e8b465ee728b)
Start importing Assets/Rocks and Boulders 2/Rocks/Source/Textures/Rockdetail7.tif using Guid(4d45e1355977ee44ebffdf905fe30d27) Importer(815301076,1909f56bfc062723c751e8b465ee728b)  -> (artifact id: '5b8bf308834b79356cccd7956dc754a4') in 0.009773 seconds
  Import took 0.013642 seconds .

========================================================================
Received Import Request.
  Time since last request: 0.000170 seconds.
  path: Assets/Rocks and Boulders 2/Rocks/Source/Textures/Rock4_h.png
  artifactKey: Guid(a639ed01446aa774992a6d74a1260740) Importer(815301076,1909f56bfc062723c751e8b465ee728b)
Start importing Assets/Rocks and Boulders 2/Rocks/Source/Textures/Rock4_h.png using Guid(a639ed01446aa774992a6d74a1260740) Importer(815301076,1909f56bfc062723c751e8b465ee728b)  -> (artifact id: 'c1ca4a47ffa33a1c6c5e730a328bd977') in 0.010236 seconds
  Import took 0.014565 seconds .

========================================================================
Received Import Request.
  Time since last request: 0.000180 seconds.
  path: Assets/Rocks and Boulders 2/Rocks/Source/Textures/Rock1_snow.tif
  artifactKey: Guid(aad243781a5f31341b964f5551b8f7df) Importer(815301076,1909f56bfc062723c751e8b465ee728b)
Start importing Assets/Rocks and Boulders 2/Rocks/Source/Textures/Rock1_snow.tif using Guid(aad243781a5f31341b964f5551b8f7df) Importer(815301076,1909f56bfc062723c751e8b465ee728b)  -> (artifact id: '037d8dc300104c0a42714be5c24f3fac') in 0.009434 seconds
  Import took 0.013468 seconds .

========================================================================
Received Import Request.
  Time since last request: 0.000218 seconds.
  path: Assets/Rocks and Boulders 2/Rocks/Source/Textures/Rock3_h.png
  artifactKey: Guid(6dd76acee04f2924bb8c511065faef9e) Importer(815301076,1909f56bfc062723c751e8b465ee728b)
Start importing Assets/Rocks and Boulders 2/Rocks/Source/Textures/Rock3_h.png using Guid(6dd76acee04f2924bb8c511065faef9e) Importer(815301076,1909f56bfc062723c751e8b465ee728b)  -> (artifact id: '30ff8719183d14ae43e45e30ed09cf51') in 0.009371 seconds
  Import took 0.013031 seconds .

========================================================================
Received Import Request.
  Time since last request: 0.000150 seconds.
  path: Assets/Rocks and Boulders 2/Rocks/Source/Textures/Rock5_nmp.tif
  artifactKey: Guid(c208f128e624c474bb2241affee1c866) Importer(815301076,1909f56bfc062723c751e8b465ee728b)
Start importing Assets/Rocks and Boulders 2/Rocks/Source/Textures/Rock5_nmp.tif using Guid(c208f128e624c474bb2241affee1c866) Importer(815301076,1909f56bfc062723c751e8b465ee728b)  -> (artifact id: 'b5f09bf1710e1125ee1c827445723b7d') in 0.012654 seconds
  Import took 0.016495 seconds .

========================================================================
Received Import Request.
  Time since last request: 0.000139 seconds.
  path: Assets/Rocks and Boulders 2/Rocks/Source/Textures/Rockdetail12.tif
  artifactKey: Guid(41dfc68d4901f924ea85dc9e7dcfb5dc) Importer(815301076,1909f56bfc062723c751e8b465ee728b)
Start importing Assets/Rocks and Boulders 2/Rocks/Source/Textures/Rockdetail12.tif using Guid(41dfc68d4901f924ea85dc9e7dcfb5dc) Importer(815301076,1909f56bfc062723c751e8b465ee728b)  -> (artifact id: '1da7705498e485bdb3b9b91860e070e2') in 0.010759 seconds
  Import took 0.014003 seconds .

========================================================================
Received Import Request.
  Time since last request: 0.000147 seconds.
  path: Assets/Rocks and Boulders 2/Rocks/Source/Textures/Rock5_snow.tif
  artifactKey: Guid(ff05ac7b888a0384186a6037880d355b) Importer(815301076,1909f56bfc062723c751e8b465ee728b)
Start importing Assets/Rocks and Boulders 2/Rocks/Source/Textures/Rock5_snow.tif using Guid(ff05ac7b888a0384186a6037880d355b) Importer(815301076,1909f56bfc062723c751e8b465ee728b)  -> (artifact id: 'eb70c1ea41aea4ce79baf0d2838639bc') in 0.010265 seconds
  Import took 0.013744 seconds .

========================================================================
Received Import Request.
  Time since last request: 0.000135 seconds.
  path: Assets/Rocks and Boulders 2/Rocks/Source/Textures/Rock2_ao.png
  artifactKey: Guid(e33cfde976023144c9866837549818a7) Importer(815301076,1909f56bfc062723c751e8b465ee728b)
Start importing Assets/Rocks and Boulders 2/Rocks/Source/Textures/Rock2_ao.png using Guid(e33cfde976023144c9866837549818a7) Importer(815301076,1909f56bfc062723c751e8b465ee728b)  -> (artifact id: 'ffe560b5ad965cabd57032691c25fa0a') in 0.010498 seconds
  Import took 0.013847 seconds .

========================================================================
Received Import Request.
  Time since last request: 0.000151 seconds.
  path: Assets/Rocks and Boulders 2/Rocks/Source/Textures/Rock1.tif
  artifactKey: Guid(d0692a948ca573d4cb0b93ffb1c8a033) Importer(815301076,1909f56bfc062723c751e8b465ee728b)
Start importing Assets/Rocks and Boulders 2/Rocks/Source/Textures/Rock1.tif using Guid(d0692a948ca573d4cb0b93ffb1c8a033) Importer(815301076,1909f56bfc062723c751e8b465ee728b)  -> (artifact id: '53fe329ccdeff838a57415350763d1ac') in 0.009669 seconds
  Import took 0.013111 seconds .

========================================================================
Received Import Request.
  Time since last request: 0.000144 seconds.
  path: Assets/Rocks and Boulders 2/Rocks/Source/Textures/Rock3.tif
  artifactKey: Guid(27cfd5114f148ff49acff242847ce022) Importer(815301076,1909f56bfc062723c751e8b465ee728b)
Start importing Assets/Rocks and Boulders 2/Rocks/Source/Textures/Rock3.tif using Guid(27cfd5114f148ff49acff242847ce022) Importer(815301076,1909f56bfc062723c751e8b465ee728b)  -> (artifact id: 'a9717d5d09077a691c63ae6e59ab6aa5') in 0.010070 seconds
  Import took 0.013781 seconds .

========================================================================
Received Import Request.
  Time since last request: 0.000197 seconds.
  path: Assets/flow/Lava/Lava004_1K_Roughness.png
  artifactKey: Guid(62b1d476ae5f1cb40909cb30a94d5bcd) Importer(815301076,1909f56bfc062723c751e8b465ee728b)
Start importing Assets/flow/Lava/Lava004_1K_Roughness.png using Guid(62b1d476ae5f1cb40909cb30a94d5bcd) Importer(815301076,1909f56bfc062723c751e8b465ee728b)  -> (artifact id: 'ca343e3615198da9cfa4b001b402251b') in 0.011968 seconds
  Import took 0.015716 seconds .

========================================================================
Received Import Request.
  Time since last request: 0.000164 seconds.
  path: Assets/Rocks and Boulders 2/Rocks/Source/Textures/Rock2_ms.png
  artifactKey: Guid(e0a129ea7aef5bf49a02cdc7e2c0c943) Importer(815301076,1909f56bfc062723c751e8b465ee728b)
Start importing Assets/Rocks and Boulders 2/Rocks/Source/Textures/Rock2_ms.png using Guid(e0a129ea7aef5bf49a02cdc7e2c0c943) Importer(815301076,1909f56bfc062723c751e8b465ee728b)  -> (artifact id: 'fb184eae4118cf4448a9ae9771f8adf4') in 0.010728 seconds
  Import took 0.014171 seconds .

========================================================================
Received Import Request.
  Time since last request: 0.000151 seconds.
  path: Assets/Rocks and Boulders 2/Rocks/Source/Textures/Rockdetail1.tif
  artifactKey: Guid(19b818e26c2922a488c06b1fbdae5df3) Importer(815301076,1909f56bfc062723c751e8b465ee728b)
Start importing Assets/Rocks and Boulders 2/Rocks/Source/Textures/Rockdetail1.tif using Guid(19b818e26c2922a488c06b1fbdae5df3) Importer(815301076,1909f56bfc062723c751e8b465ee728b)  -> (artifact id: '712666f6ce6dd6876e0a330bf287ee0d') in 0.009173 seconds
  Import took 0.012515 seconds .

========================================================================
Received Import Request.
  Time since last request: 0.000154 seconds.
  path: Assets/Rocks and Boulders 2/Rocks/Source/Textures/Rock2_ms.png
  artifactKey: Guid(e0a129ea7aef5bf49a02cdc7e2c0c943) Importer(815301076,1909f56bfc062723c751e8b465ee728b)
Start importing Assets/Rocks and Boulders 2/Rocks/Source/Textures/Rock2_ms.png using Guid(e0a129ea7aef5bf49a02cdc7e2c0c943) Importer(815301076,1909f56bfc062723c751e8b465ee728b)  -> (artifact id: 'fb184eae4118cf4448a9ae9771f8adf4') in 0.010769 seconds
  Import took 0.014220 seconds .

========================================================================
Received Import Request.
  Time since last request: 0.000168 seconds.
  path: Assets/Rocks and Boulders 2/Rocks/Source/Textures/Rock4_nmp.tif
  artifactKey: Guid(2a0dc6caeaf9cb64dae4372302735b69) Importer(815301076,1909f56bfc062723c751e8b465ee728b)
Start importing Assets/Rocks and Boulders 2/Rocks/Source/Textures/Rock4_nmp.tif using Guid(2a0dc6caeaf9cb64dae4372302735b69) Importer(815301076,1909f56bfc062723c751e8b465ee728b)  -> (artifact id: '102c46124dc7393f15a2b1a6f1f6e369') in 0.011371 seconds
  Import took 0.014549 seconds .

========================================================================
Received Import Request.
  Time since last request: 0.000181 seconds.
  path: Assets/Rocks and Boulders 2/Rocks/Source/Textures/Rockdetail10.tif
  artifactKey: Guid(89ee248f3f8054548b2cbf49274c5540) Importer(815301076,1909f56bfc062723c751e8b465ee728b)
Start importing Assets/Rocks and Boulders 2/Rocks/Source/Textures/Rockdetail10.tif using Guid(89ee248f3f8054548b2cbf49274c5540) Importer(815301076,1909f56bfc062723c751e8b465ee728b)  -> (artifact id: '937e4cb072a900a1e29602822e6526b0') in 0.009644 seconds
  Import took 0.012895 seconds .

========================================================================
Received Import Request.
  Time since last request: 0.000161 seconds.
  path: Assets/Rocks and Boulders 2/Rocks/Source/Textures/Rock5_ms.png
  artifactKey: Guid(007c7f9a6c3681e4aa289b2e0e210b2c) Importer(815301076,1909f56bfc062723c751e8b465ee728b)
Start importing Assets/Rocks and Boulders 2/Rocks/Source/Textures/Rock5_ms.png using Guid(007c7f9a6c3681e4aa289b2e0e210b2c) Importer(815301076,1909f56bfc062723c751e8b465ee728b)  -> (artifact id: '33ccdbdfb9f2239415ad4605afda3bb7') in 0.010627 seconds
  Import took 0.014725 seconds .

========================================================================
Received Import Request.
  Time since last request: 448.992392 seconds.
  path: Assets/flow/SG_Flowmap.shadergraph
  artifactKey: Guid(0d6ef7ebc563c9d42b27390ec6c18665) Importer(815301076,1909f56bfc062723c751e8b465ee728b)
Start importing Assets/flow/SG_Flowmap.shadergraph using Guid(0d6ef7ebc563c9d42b27390ec6c18665) Importer(815301076,1909f56bfc062723c751e8b465ee728b)  -> (artifact id: 'b4670008a709a07023c0da17c7803708') in 0.004326 seconds
  Import took 0.008645 seconds .

========================================================================
Received Import Request.
  Time since last request: 0.002848 seconds.
  path: Assets/flow/SG_Flowmap.shadergraph
  artifactKey: Guid(0d6ef7ebc563c9d42b27390ec6c18665) Importer(815301076,1909f56bfc062723c751e8b465ee728b)
Start importing Assets/flow/SG_Flowmap.shadergraph using Guid(0d6ef7ebc563c9d42b27390ec6c18665) Importer(815301076,1909f56bfc062723c751e8b465ee728b)  -> (artifact id: 'b4670008a709a07023c0da17c7803708') in 0.003009 seconds
  Import took 0.006579 seconds .

========================================================================
Received Import Request.
  Time since last request: 0.554899 seconds.
  path: Assets/flow/Subgraph_Flowmap.shadersubgraph
  artifactKey: Guid(b7297a1224f8b6c42a5f73fa1bc9f6e0) Importer(815301076,1909f56bfc062723c751e8b465ee728b)
Start importing Assets/flow/Subgraph_Flowmap.shadersubgraph using Guid(b7297a1224f8b6c42a5f73fa1bc9f6e0) Importer(815301076,1909f56bfc062723c751e8b465ee728b)  -> (artifact id: 'f90bbe92e311e9dc7d16636f04495f5d') in 0.009008 seconds
  Import took 0.012739 seconds .

========================================================================
Received Import Request.
  Time since last request: 0.000338 seconds.
  path: Assets/flow/Subgraph_Flowmap.shadersubgraph
  artifactKey: Guid(b7297a1224f8b6c42a5f73fa1bc9f6e0) Importer(815301076,1909f56bfc062723c751e8b465ee728b)
Start importing Assets/flow/Subgraph_Flowmap.shadersubgraph using Guid(b7297a1224f8b6c42a5f73fa1bc9f6e0) Importer(815301076,1909f56bfc062723c751e8b465ee728b)  -> (artifact id: 'f90bbe92e311e9dc7d16636f04495f5d') in 0.002211 seconds
  Import took 0.005778 seconds .

========================================================================
Received Import Request.
  Time since last request: 0.421774 seconds.
  path: Assets/flow/Subgraph_Foam.shadersubgraph
  artifactKey: Guid(683145d8513b44040b6f3823a2f76c82) Importer(815301076,1909f56bfc062723c751e8b465ee728b)
Start importing Assets/flow/Subgraph_Foam.shadersubgraph using Guid(683145d8513b44040b6f3823a2f76c82) Importer(815301076,1909f56bfc062723c751e8b465ee728b)  -> (artifact id: '3d156dd91fafaeaa57bcdbf1c71f5f95') in 0.005517 seconds
  Import took 0.008898 seconds .

========================================================================
Received Import Request.
  Time since last request: 0.001158 seconds.
  path: Assets/flow/Subgraph_Foam.shadersubgraph
  artifactKey: Guid(683145d8513b44040b6f3823a2f76c82) Importer(815301076,1909f56bfc062723c751e8b465ee728b)
Start importing Assets/flow/Subgraph_Foam.shadersubgraph using Guid(683145d8513b44040b6f3823a2f76c82) Importer(815301076,1909f56bfc062723c751e8b465ee728b)  -> (artifact id: '3d156dd91fafaeaa57bcdbf1c71f5f95') in 0.002306 seconds
  Import took 0.005579 seconds .

========================================================================
Received Prepare
Registering precompiled user dll's ...
Registered in 0.001391 seconds.
Begin MonoManager ReloadAssembly
Native extension for WindowsStandalone target not found
Refreshing native plugins compatible for Editor in 0.39 ms, found 0 plugins.
Preloading 0 native plugins for Editor in 0.00 ms.
Invoked RoslynAnalysisRunner static constructor.
RoslynAnalysisRunner will not be running.
RoslynAnalysisRunner has terminated.
Mono: successfully reloaded assembly
- Completed reload, in  0.892 seconds
Platform modules already initialized, skipping
Shader 'Universal Render Pipeline/Particles/Lit': fallback shader 'Universal Render Pipeline/Particles/SimpleLit' not found
Shader 'Universal Render Pipeline/Particles/Lit': fallback shader 'Universal Render Pipeline/Particles/SimpleLit' not found
Refreshing native plugins compatible for Editor in 0.38 ms, found 0 plugins.
Preloading 0 native plugins for Editor in 0.00 ms.
Unloading 2342 Unused Serialized files (Serialized files now loaded: 0)
System memory in use before: 116.6 MB.
System memory in use after: 113.0 MB.

Unloading 42 unused Assets to reduce memory usage. Loaded Objects now: 2964.
Total: 4.569700 ms (FindLiveObjects: 0.247900 ms CreateObjectMapping: 0.108000 ms MarkObjects: 1.840400 ms  DeleteObjects: 2.372300 ms)

========================================================================
Received Import Request.
  Time since last request: 64.091743 seconds.
  path: Assets/flow/Lava/flowmap 1.png
  artifactKey: Guid(2c81be032ced2254091d7e4ae39eadcf) Importer(815301076,1909f56bfc062723c751e8b465ee728b)
Start importing Assets/flow/Lava/flowmap 1.png using Guid(2c81be032ced2254091d7e4ae39eadcf) Importer(815301076,1909f56bfc062723c751e8b465ee728b)  -> (artifact id: '288803660022cf4573b219e975e5d157') in 0.033255 seconds
  Import took 0.036905 seconds .

========================================================================
Received Import Request.
  Time since last request: 12.903666 seconds.
  path: Assets/flow/Lava/Lava004_1K_Normal.png
  artifactKey: Guid(a1d9b8950b0fbbc428a30b3adf035f17) Importer(815301076,1909f56bfc062723c751e8b465ee728b)
Start importing Assets/flow/Lava/Lava004_1K_Normal.png using Guid(a1d9b8950b0fbbc428a30b3adf035f17) Importer(815301076,1909f56bfc062723c751e8b465ee728b)  -> (artifact id: '82efcb827fc889c3918d83ad7c884331') in 0.012069 seconds
  Import took 0.016241 seconds .

AssetImportWorkerClient::OnTransportError - code=2 error=End of file
